mode: set
github.com/go-park-mail-ru/2019_1_HotCode/games/game_model.go:28.13,30.2 1 1
github.com/go-park-mail-ru/2019_1_HotCode/games/game_model.go:50.72,53.16 2 0
github.com/go-park-mail-ru/2019_1_HotCode/games/game_model.go:61.2,61.15 1 0
github.com/go-park-mail-ru/2019_1_HotCode/games/game_model.go:53.16,54.27 1 0
github.com/go-park-mail-ru/2019_1_HotCode/games/game_model.go:58.3,58.57 1 0
github.com/go-park-mail-ru/2019_1_HotCode/games/game_model.go:54.27,56.4 1 0
github.com/go-park-mail-ru/2019_1_HotCode/games/game_model.go:65.79,67.16 2 0
github.com/go-park-mail-ru/2019_1_HotCode/games/game_model.go:70.2,73.16 3 0
github.com/go-park-mail-ru/2019_1_HotCode/games/game_model.go:81.2,83.47 3 0
github.com/go-park-mail-ru/2019_1_HotCode/games/game_model.go:87.2,88.16 2 0
github.com/go-park-mail-ru/2019_1_HotCode/games/game_model.go:92.2,92.26 1 0
github.com/go-park-mail-ru/2019_1_HotCode/games/game_model.go:67.16,69.3 1 0
github.com/go-park-mail-ru/2019_1_HotCode/games/game_model.go:73.16,74.27 1 0
github.com/go-park-mail-ru/2019_1_HotCode/games/game_model.go:78.3,78.81 1 0
github.com/go-park-mail-ru/2019_1_HotCode/games/game_model.go:74.27,76.4 1 0
github.com/go-park-mail-ru/2019_1_HotCode/games/game_model.go:83.47,85.3 1 0
github.com/go-park-mail-ru/2019_1_HotCode/games/game_model.go:88.16,90.3 1 0
github.com/go-park-mail-ru/2019_1_HotCode/games/game_model.go:96.110,103.16 2 0
github.com/go-park-mail-ru/2019_1_HotCode/games/game_model.go:106.2,109.18 3 0
github.com/go-park-mail-ru/2019_1_HotCode/games/game_model.go:120.2,120.27 1 0
github.com/go-park-mail-ru/2019_1_HotCode/games/game_model.go:124.2,124.25 1 0
github.com/go-park-mail-ru/2019_1_HotCode/games/game_model.go:103.16,105.3 1 0
github.com/go-park-mail-ru/2019_1_HotCode/games/game_model.go:109.18,114.17 3 0
github.com/go-park-mail-ru/2019_1_HotCode/games/game_model.go:117.3,117.48 1 0
github.com/go-park-mail-ru/2019_1_HotCode/games/game_model.go:114.17,116.4 1 0
github.com/go-park-mail-ru/2019_1_HotCode/games/game_model.go:120.27,122.3 1 0
github.com/go-park-mail-ru/2019_1_HotCode/games/game_model.go:128.61,132.16 2 0
github.com/go-park-mail-ru/2019_1_HotCode/games/game_model.go:135.2,138.18 3 0
github.com/go-park-mail-ru/2019_1_HotCode/games/game_model.go:148.2,148.19 1 0
github.com/go-park-mail-ru/2019_1_HotCode/games/game_model.go:132.16,134.3 1 0
github.com/go-park-mail-ru/2019_1_HotCode/games/game_model.go:138.18,142.17 3 0
github.com/go-park-mail-ru/2019_1_HotCode/games/game_model.go:145.3,145.27 1 0
github.com/go-park-mail-ru/2019_1_HotCode/games/game_model.go:142.17,144.4 1 0
github.com/go-park-mail-ru/2019_1_HotCode/games/game_model.go:151.98,158.73 3 0
github.com/go-park-mail-ru/2019_1_HotCode/games/game_model.go:162.2,162.15 1 0
github.com/go-park-mail-ru/2019_1_HotCode/games/game_model.go:158.73,160.3 1 0
github.com/go-park-mail-ru/2019_1_HotCode/games/game_handle.go:18.54,24.16 5 1
github.com/go-park-mail-ru/2019_1_HotCode/games/game_handle.go:33.2,43.4 1 1
github.com/go-park-mail-ru/2019_1_HotCode/games/game_handle.go:24.16,25.46 1 1
github.com/go-park-mail-ru/2019_1_HotCode/games/game_handle.go:30.3,30.9 1 1
github.com/go-park-mail-ru/2019_1_HotCode/games/game_handle.go:25.46,27.4 1 1
github.com/go-park-mail-ru/2019_1_HotCode/games/game_handle.go:27.9,29.4 1 1
github.com/go-park-mail-ru/2019_1_HotCode/games/game_handle.go:47.58,52.16 4 1
github.com/go-park-mail-ru/2019_1_HotCode/games/game_handle.go:58.2,59.29 2 1
github.com/go-park-mail-ru/2019_1_HotCode/games/game_handle.go:67.2,67.57 1 1
github.com/go-park-mail-ru/2019_1_HotCode/games/game_handle.go:52.16,56.3 2 1
github.com/go-park-mail-ru/2019_1_HotCode/games/game_handle.go:59.29,65.3 1 1
github.com/go-park-mail-ru/2019_1_HotCode/games/game_handle.go:71.65,78.16 6 1
github.com/go-park-mail-ru/2019_1_HotCode/games/game_handle.go:81.2,82.16 2 1
github.com/go-park-mail-ru/2019_1_HotCode/games/game_handle.go:86.2,87.16 2 1
github.com/go-park-mail-ru/2019_1_HotCode/games/game_handle.go:96.2,97.39 2 1
github.com/go-park-mail-ru/2019_1_HotCode/games/game_handle.go:116.2,116.55 1 1
github.com/go-park-mail-ru/2019_1_HotCode/games/game_handle.go:78.16,80.3 1 1
github.com/go-park-mail-ru/2019_1_HotCode/games/game_handle.go:82.16,84.3 1 1
github.com/go-park-mail-ru/2019_1_HotCode/games/game_handle.go:87.16,88.46 1 1
github.com/go-park-mail-ru/2019_1_HotCode/games/game_handle.go:93.3,93.9 1 1
github.com/go-park-mail-ru/2019_1_HotCode/games/game_handle.go:88.46,90.4 1 1
github.com/go-park-mail-ru/2019_1_HotCode/games/game_handle.go:90.9,92.4 1 1
github.com/go-park-mail-ru/2019_1_HotCode/games/game_handle.go:97.39,99.48 2 1
github.com/go-park-mail-ru/2019_1_HotCode/games/game_handle.go:103.3,113.4 1 1
github.com/go-park-mail-ru/2019_1_HotCode/games/game_handle.go:99.48,101.4 1 1
github.com/go-park-mail-ru/2019_1_HotCode/games/game_handle.go:120.66,126.16 5 1
github.com/go-park-mail-ru/2019_1_HotCode/games/game_handle.go:135.2,139.4 1 1
github.com/go-park-mail-ru/2019_1_HotCode/games/game_handle.go:126.16,127.46 1 1
github.com/go-park-mail-ru/2019_1_HotCode/games/game_handle.go:132.3,132.9 1 1
github.com/go-park-mail-ru/2019_1_HotCode/games/game_handle.go:127.46,129.4 1 1
github.com/go-park-mail-ru/2019_1_HotCode/games/game_handle.go:129.9,131.4 1 1
